0:0:0:0:0:0:0:1 - - [07/Jun/2018:00:00:17 +0800] "POST /goods/goodlist HTTP/1.1" 200 11911
0:0:0:0:0:0:0:1 - - [07/Jun/2018:00:00:17 +0800] "GET /bootstrap/css/bootstrap.css.map HTTP/1.1" 304 -
0:0:0:0:0:0:0:1 - - [07/Jun/2018:00:00:37 +0800] "POST /goods/goodlist HTTP/1.1" 200 11911
0:0:0:0:0:0:0:1 - - [07/Jun/2018:00:00:38 +0800] "POST /goods/goodlist HTTP/1.1" 200 11911
0:0:0:0:0:0:0:1 - - [07/Jun/2018:00:01:07 +0800] "POST /goods/goodlist HTTP/1.1" 200 11911
0:0:0:0:0:0:0:1 - - [07/Jun/2018:00:01:30 +0800] "POST /goods/goodlist HTTP/1.1" 200 12358
0:0:0:0:0:0:0:1 - - [07/Jun/2018:00:01:30 +0800] "POST /goods/goodlist HTTP/1.1" 200 12358
0:0:0:0:0:0:0:1 - - [07/Jun/2018:00:01:46 +0800] "POST /goods/goodlist HTTP/1.1" 200 12349
0:0:0:0:0:0:0:1 - - [07/Jun/2018:00:01:57 +0800] "POST /goods/goodlist HTTP/1.1" 200 12347
0:0:0:0:0:0:0:1 - - [07/Jun/2018:00:01:58 +0800] "POST /goods/goodlist HTTP/1.1" 200 12347
0:0:0:0:0:0:0:1 - - [07/Jun/2018:00:02:11 +0800] "POST /goods/goodlist HTTP/1.1" 200 12339
0:0:0:0:0:0:0:1 - - [07/Jun/2018:00:02:13 +0800] "POST /goods/goodlist HTTP/1.1" 200 12339
0:0:0:0:0:0:0:1 - - [07/Jun/2018:00:03:08 +0800] "POST /goods/goodlist HTTP/1.1" 200 11909
0:0:0:0:0:0:0:1 - - [07/Jun/2018:00:03:23 +0800] "POST /goods/goodlist HTTP/1.1" 200 11909
0:0:0:0:0:0:0:1 - - [07/Jun/2018:00:03:24 +0800] "GET /favicon.ico HTTP/1.1" 200 946
0:0:0:0:0:0:0:1 - - [07/Jun/2018:00:03:27 +0800] "GET /goods/goodlist HTTP/1.1" 200 17343
0:0:0:0:0:0:0:1 - - [07/Jun/2018:00:04:11 +0800] "GET /goods/goodlist HTTP/1.1" 200 16317
0:0:0:0:0:0:0:1 - - [07/Jun/2018:00:04:11 +0800] "GET /favicon.ico HTTP/1.1" 200 946
0:0:0:0:0:0:0:1 - - [07/Jun/2018:00:04:21 +0800] "GET /goods/goodlist HTTP/1.1" 200 16333
0:0:0:0:0:0:0:1 - - [07/Jun/2018:00:04:21 +0800] "GET /favicon.ico HTTP/1.1" 200 946
0:0:0:0:0:0:0:1 - - [07/Jun/2018:00:04:22 +0800] "GET /goods/goodlist HTTP/1.1" 200 16333
0:0:0:0:0:0:0:1 - - [07/Jun/2018:00:04:22 +0800] "GET /favicon.ico HTTP/1.1" 200 946
0:0:0:0:0:0:0:1 - - [07/Jun/2018:00:04:35 +0800] "GET /goods/goodlist HTTP/1.1" 200 16322
0:0:0:0:0:0:0:1 - - [07/Jun/2018:00:04:35 +0800] "GET /favicon.ico HTTP/1.1" 200 946
0:0:0:0:0:0:0:1 - - [07/Jun/2018:00:04:36 +0800] "GET /goods/goodlist HTTP/1.1" 200 16322
0:0:0:0:0:0:0:1 - - [07/Jun/2018:00:04:36 +0800] "GET /favicon.ico HTTP/1.1" 200 946
0:0:0:0:0:0:0:1 - - [07/Jun/2018:00:05:23 +0800] "GET /goods/goodlist HTTP/1.1" 200 16333
0:0:0:0:0:0:0:1 - - [07/Jun/2018:00:05:24 +0800] "GET /bootstrap/css/bootstrap.css.map HTTP/1.1" 304 -
0:0:0:0:0:0:0:1 - - [07/Jun/2018:00:06:17 +0800] "GET /goods/goodlist HTTP/1.1" 200 16332
0:0:0:0:0:0:0:1 - - [07/Jun/2018:00:06:17 +0800] "GET /goods/goodlist HTTP/1.1" 200 16332
0:0:0:0:0:0:0:1 - - [07/Jun/2018:00:07:20 +0800] "GET /goods/goodlist HTTP/1.1" 200 16745
0:0:0:0:0:0:0:1 - - [07/Jun/2018:00:08:11 +0800] "GET /goods/goodlist HTTP/1.1" 200 16748
0:0:0:0:0:0:0:1 - - [07/Jun/2018:00:08:15 +0800] "GET /goods/goodlist HTTP/1.1" 200 16748
0:0:0:0:0:0:0:1 - - [07/Jun/2018:00:09:07 +0800] "GET /goods/goodlist HTTP/1.1" 200 16720
0:0:0:0:0:0:0:1 - - [07/Jun/2018:00:09:26 +0800] "GET /goods/goodlist HTTP/1.1" 200 16748
192.168.0.104 - - [07/Jun/2018:00:09:30 +0800] "GET /goods/goodlist HTTP/1.1" 200 16748
192.168.0.104 - - [07/Jun/2018:00:09:30 +0800] "GET /bootstrap/css/bootstrap.css HTTP/1.1" 200 173442
192.168.0.104 - - [07/Jun/2018:00:09:44 +0800] "GET /goods/goodlist HTTP/1.1" 200 16748
0:0:0:0:0:0:0:1 - - [07/Jun/2018:00:10:59 +0800] "GET /goods/goodlist HTTP/1.1" 200 16766
0:0:0:0:0:0:0:1 - - [07/Jun/2018:00:11:00 +0800] "GET /bootstrap/css/bootstrap.css.map HTTP/1.1" 304 -
0:0:0:0:0:0:0:1 - - [07/Jun/2018:00:11:00 +0800] "GET /goods/goodlist HTTP/1.1" 200 16766
0:0:0:0:0:0:0:1 - - [07/Jun/2018:00:11:01 +0800] "GET /goods/goodlist HTTP/1.1" 200 16766
0:0:0:0:0:0:0:1 - - [07/Jun/2018:00:11:25 +0800] "GET /goods/goodlist HTTP/1.1" 200 16814
0:0:0:0:0:0:0:1 - - [07/Jun/2018:00:11:48 +0800] "GET /goods/goodlist HTTP/1.1" 200 16912
0:0:0:0:0:0:0:1 - - [07/Jun/2018:00:11:49 +0800] "GET /goods/goodlist HTTP/1.1" 200 16912
0:0:0:0:0:0:0:1 - - [07/Jun/2018:00:11:50 +0800] "GET /goods/goodlist HTTP/1.1" 200 16912
0:0:0:0:0:0:0:1 - - [07/Jun/2018:00:12:14 +0800] "GET /goods/goodlist HTTP/1.1" 200 16896
0:0:0:0:0:0:0:1 - - [07/Jun/2018:00:12:26 +0800] "GET /goods/goodlist HTTP/1.1" 200 16893
0:0:0:0:0:0:0:1 - - [07/Jun/2018:00:12:26 +0800] "GET /goods/goodlist HTTP/1.1" 200 16893
0:0:0:0:0:0:0:1 - - [07/Jun/2018:00:12:27 +0800] "GET /goods/goodlist HTTP/1.1" 200 16893
0:0:0:0:0:0:0:1 - - [07/Jun/2018:00:14:38 +0800] "GET /goods/goodlist HTTP/1.1" 200 18603
0:0:0:0:0:0:0:1 - - [07/Jun/2018:00:15:09 +0800] "GET /goods/goodlist HTTP/1.1" 200 18140
0:0:0:0:0:0:0:1 - - [07/Jun/2018:00:15:09 +0800] "GET /favicon.ico HTTP/1.1" 200 946
0:0:0:0:0:0:0:1 - - [07/Jun/2018:00:15:09 +0800] "GET /goods/goodlist HTTP/1.1" 200 18140
0:0:0:0:0:0:0:1 - - [07/Jun/2018:00:15:10 +0800] "GET /favicon.ico HTTP/1.1" 200 946
0:0:0:0:0:0:0:1 - - [07/Jun/2018:00:15:57 +0800] "GET /goods/goodlist HTTP/1.1" 200 16768
0:0:0:0:0:0:0:1 - - [07/Jun/2018:00:15:57 +0800] "GET /favicon.ico HTTP/1.1" 200 946
0:0:0:0:0:0:0:1 - - [07/Jun/2018:00:16:41 +0800] "GET /goods/goodlist HTTP/1.1" 200 16768
0:0:0:0:0:0:0:1 - - [07/Jun/2018:00:16:49 +0800] "GET /goods/goodlist HTTP/1.1" 200 16768
0:0:0:0:0:0:0:1 - - [07/Jun/2018:00:16:50 +0800] "GET /goods/goodlist HTTP/1.1" 200 16768
0:0:0:0:0:0:0:1 - - [07/Jun/2018:00:17:42 +0800] "GET /goods/goodlist HTTP/1.1" 200 16778
0:0:0:0:0:0:0:1 - - [07/Jun/2018:00:17:42 +0800] "GET /bootstrap/css/bootstrap.css.map HTTP/1.1" 304 -
0:0:0:0:0:0:0:1 - - [07/Jun/2018:00:17:43 +0800] "GET /goods/goodlist HTTP/1.1" 200 16778
0:0:0:0:0:0:0:1 - - [07/Jun/2018:00:18:05 +0800] "GET /goods/goodlist HTTP/1.1" 200 16785
0:0:0:0:0:0:0:1 - - [07/Jun/2018:00:18:06 +0800] "GET /goods/goodlist HTTP/1.1" 200 16785
0:0:0:0:0:0:0:1 - - [07/Jun/2018:00:18:58 +0800] "GET /goods/goodlist HTTP/1.1" 200 16785
0:0:0:0:0:0:0:1 - - [07/Jun/2018:00:19:21 +0800] "GET /goods/goodlist HTTP/1.1" 200 16786
0:0:0:0:0:0:0:1 - - [07/Jun/2018:00:19:22 +0800] "GET /goods/goodlist HTTP/1.1" 200 16786
0:0:0:0:0:0:0:1 - - [07/Jun/2018:00:19:35 +0800] "GET /goods/goodlist HTTP/1.1" 200 16780
0:0:0:0:0:0:0:1 - - [07/Jun/2018:00:19:36 +0800] "GET /goods/goodlist HTTP/1.1" 200 16780
0:0:0:0:0:0:0:1 - - [07/Jun/2018:00:19:52 +0800] "GET /goods/goodlist HTTP/1.1" 200 16769
0:0:0:0:0:0:0:1 - - [07/Jun/2018:00:21:25 +0800] "GET /goods/goodlist HTTP/1.1" 200 16786
0:0:0:0:0:0:0:1 - - [07/Jun/2018:00:21:45 +0800] "GET /goods/goodlist HTTP/1.1" 200 16679
0:0:0:0:0:0:0:1 - - [07/Jun/2018:00:22:10 +0800] "GET /goods/goodlist HTTP/1.1" 200 16692
0:0:0:0:0:0:0:1 - - [07/Jun/2018:00:23:03 +0800] "GET /goods/goodlist HTTP/1.1" 200 16659
0:0:0:0:0:0:0:1 - - [07/Jun/2018:00:24:19 +0800] "GET /goods/goodlist HTTP/1.1" 200 16645
0:0:0:0:0:0:0:1 - - [07/Jun/2018:00:24:53 +0800] "GET /goods/goodlist HTTP/1.1" 200 16641
0:0:0:0:0:0:0:1 - - [07/Jun/2018:00:24:53 +0800] "GET /bootstrap/css/bootstrap.css.map HTTP/1.1" 304 -
0:0:0:0:0:0:0:1 - - [07/Jun/2018:00:25:19 +0800] "GET /goods/goodlist HTTP/1.1" 200 16602
0:0:0:0:0:0:0:1 - - [07/Jun/2018:00:25:20 +0800] "GET /goods/goodlist HTTP/1.1" 200 16602
0:0:0:0:0:0:0:1 - - [07/Jun/2018:00:25:29 +0800] "GET /goods/goodlist HTTP/1.1" 200 16602
0:0:0:0:0:0:0:1 - - [07/Jun/2018:00:26:20 +0800] "GET /goods/goodlist HTTP/1.1" 200 16602
0:0:0:0:0:0:0:1 - - [07/Jun/2018:00:26:20 +0800] "GET /favicon.ico HTTP/1.1" 200 946
0:0:0:0:0:0:0:1 - - [07/Jun/2018:00:27:32 +0800] "GET /goods/goodlist HTTP/1.1" 200 16602
0:0:0:0:0:0:0:1 - - [07/Jun/2018:00:27:32 +0800] "GET /favicon.ico HTTP/1.1" 200 946
0:0:0:0:0:0:0:1 - - [07/Jun/2018:00:28:49 +0800] "GET /goods/goodlist HTTP/1.1" 500 416
0:0:0:0:0:0:0:1 - - [07/Jun/2018:00:28:49 +0800] "GET /favicon.ico HTTP/1.1" 200 946
0:0:0:0:0:0:0:1 - - [07/Jun/2018:00:29:13 +0800] "GET /goods/goodlist HTTP/1.1" 200 16602
0:0:0:0:0:0:0:1 - - [07/Jun/2018:00:29:13 +0800] "GET /favicon.ico HTTP/1.1" 200 946
0:0:0:0:0:0:0:1 - - [07/Jun/2018:00:29:23 +0800] "GET /goods/goodlist HTTP/1.1" 200 16602
0:0:0:0:0:0:0:1 - - [07/Jun/2018:00:29:23 +0800] "GET /favicon.ico HTTP/1.1" 200 946
0:0:0:0:0:0:0:1 - - [07/Jun/2018:00:32:34 +0800] "GET /goods/goodlist HTTP/1.1" 500 416
0:0:0:0:0:0:0:1 - - [07/Jun/2018:00:32:34 +0800] "GET /favicon.ico HTTP/1.1" 200 946
0:0:0:0:0:0:0:1 - - [07/Jun/2018:00:32:41 +0800] "GET /goods/goodlist HTTP/1.1" 500 416
0:0:0:0:0:0:0:1 - - [07/Jun/2018:00:32:41 +0800] "GET /favicon.ico HTTP/1.1" 200 946
0:0:0:0:0:0:0:1 - - [07/Jun/2018:00:36:08 +0800] "GET /goods/goodlist HTTP/1.1" 500 416
0:0:0:0:0:0:0:1 - - [07/Jun/2018:00:36:09 +0800] "GET /favicon.ico HTTP/1.1" 200 946
0:0:0:0:0:0:0:1 - - [07/Jun/2018:00:37:46 +0800] "GET /goods/goodlist HTTP/1.1" 200 52196
0:0:0:0:0:0:0:1 - - [07/Jun/2018:00:37:46 +0800] "GET /js/jquery-3.3.1.min.js HTTP/1.1" 304 -
0:0:0:0:0:0:0:1 - - [07/Jun/2018:00:37:48 +0800] "GET /favicon.ico HTTP/1.1" 200 946
0:0:0:0:0:0:0:1 - - [07/Jun/2018:00:37:55 +0800] "GET /bootstrap/js/bootstrap.js.map HTTP/1.1" 304 -
0:0:0:0:0:0:0:1 - - [07/Jun/2018:00:37:55 +0800] "GET /js/popper.min.js.map HTTP/1.1" 404 152
0:0:0:0:0:0:0:1 - - [07/Jun/2018:00:37:56 +0800] "GET /bootstrap/css/bootstrap.css.map HTTP/1.1" 304 -
0:0:0:0:0:0:0:1 - - [07/Jun/2018:00:38:17 +0800] "GET /goods/goodlist HTTP/1.1" 200 52197
0:0:0:0:0:0:0:1 - - [07/Jun/2018:00:38:18 +0800] "GET /js/popper.min.js.map HTTP/1.1" 404 152
192.168.0.104 - - [07/Jun/2018:00:38:31 +0800] "GET /goods/goodlist HTTP/1.1" 200 52197
192.168.0.104 - - [07/Jun/2018:00:38:31 +0800] "GET /js/jquery-3.3.1.min.js HTTP/1.1" 304 -
192.168.0.104 - - [07/Jun/2018:00:38:31 +0800] "GET /bootstrap/css/bootstrap.css HTTP/1.1" 200 173442
192.168.0.104 - - [07/Jun/2018:00:38:31 +0800] "GET /js/popper.min.js HTTP/1.1" 304 -
192.168.0.104 - - [07/Jun/2018:00:38:31 +0800] "GET /bootstrap/js/bootstrap.js HTTP/1.1" 304 -
192.168.0.104 - - [07/Jun/2018:00:38:50 +0800] "POST /goods/goodlist HTTP/1.1" 200 52027
192.168.0.104 - - [07/Jun/2018:00:38:56 +0800] "GET /goods/goodlist HTTP/1.1" 200 52197
192.168.0.108 - - [07/Jun/2018:00:42:45 +0800] "GET /goods/goodlist HTTP/1.1" 200 52197
192.168.0.108 - - [07/Jun/2018:00:42:45 +0800] "GET /bootstrap/css/bootstrap.css HTTP/1.1" 200 173442
192.168.0.108 - - [07/Jun/2018:00:42:45 +0800] "GET /js/jquery-3.3.1.min.js HTTP/1.1" 200 86926
192.168.0.108 - - [07/Jun/2018:00:42:45 +0800] "GET /js/popper.min.js HTTP/1.1" 200 19187
192.168.0.108 - - [07/Jun/2018:00:42:45 +0800] "GET /bootstrap/js/bootstrap.js HTTP/1.1" 200 122579
192.168.0.108 - - [07/Jun/2018:00:43:06 +0800] "POST /goods/goodlist HTTP/1.1" 200 52027
192.168.0.108 - - [07/Jun/2018:00:45:20 +0800] "GET /goods/goodlist HTTP/1.1" 200 52197
192.168.0.108 - - [07/Jun/2018:00:48:20 +0800] "GET /goods/goodlist HTTP/1.1" 200 52197
192.168.0.108 - - [07/Jun/2018:00:48:40 +0800] "POST /goods/goodlist HTTP/1.1" 200 52209
192.168.0.108 - - [07/Jun/2018:00:49:42 +0800] "GET /goods/goodlist HTTP/1.1" 200 52197
192.168.0.108 - - [07/Jun/2018:00:50:23 +0800] "POST /goods/goodlist HTTP/1.1" 200 52027
192.168.0.108 - - [07/Jun/2018:00:52:07 +0800] "GET /goods/goodlist HTTP/1.1" 200 52197
192.168.0.108 - - [07/Jun/2018:00:52:07 +0800] "GET /bootstrap/css/bootstrap.css HTTP/1.1" 304 -
192.168.0.108 - - [07/Jun/2018:00:52:07 +0800] "GET /js/popper.min.js HTTP/1.1" 304 -
192.168.0.108 - - [07/Jun/2018:00:52:07 +0800] "GET /js/jquery-3.3.1.min.js HTTP/1.1" 304 -
192.168.0.108 - - [07/Jun/2018:00:52:07 +0800] "GET /bootstrap/js/bootstrap.js HTTP/1.1" 304 -
0:0:0:0:0:0:0:1 - - [07/Jun/2018:12:24:51 +0800] "GET /bootstrap/css/bootstrap.css HTTP/1.1" 200 173442
0:0:0:0:0:0:0:1 - - [07/Jun/2018:12:24:51 +0800] "GET /goods/goodlist HTTP/1.1" 200 51693
0:0:0:0:0:0:0:1 - - [07/Jun/2018:12:24:51 +0800] "GET /js/jquery-3.3.1.min.js HTTP/1.1" 304 -
0:0:0:0:0:0:0:1 - - [07/Jun/2018:12:24:51 +0800] "GET /js/popper.min.js HTTP/1.1" 200 19187
0:0:0:0:0:0:0:1 - - [07/Jun/2018:12:24:51 +0800] "GET /bootstrap/js/bootstrap.js HTTP/1.1" 200 122579
0:0:0:0:0:0:0:1 - - [07/Jun/2018:12:24:51 +0800] "GET /favicon.ico HTTP/1.1" 200 946
0:0:0:0:0:0:0:1 - - [07/Jun/2018:12:27:25 +0800] "GET /goods/goodlist HTTP/1.1" 200 51945
0:0:0:0:0:0:0:1 - - [07/Jun/2018:12:27:25 +0800] "GET /favicon.ico HTTP/1.1" 200 946
0:0:0:0:0:0:0:1 - - [07/Jun/2018:12:27:35 +0800] "GET /bootstrap/js/bootstrap.js.map HTTP/1.1" 304 -
0:0:0:0:0:0:0:1 - - [07/Jun/2018:12:27:35 +0800] "GET /bootstrap/css/bootstrap.css.map HTTP/1.1" 304 -
0:0:0:0:0:0:0:1 - - [07/Jun/2018:12:27:35 +0800] "GET /js/popper.min.js.map HTTP/1.1" 404 152
0:0:0:0:0:0:0:1 - - [07/Jun/2018:12:30:19 +0800] "GET /goods/goodlist HTTP/1.1" 200 51995
0:0:0:0:0:0:0:1 - - [07/Jun/2018:12:30:19 +0800] "GET /favicon.ico HTTP/1.1" 200 946
0:0:0:0:0:0:0:1 - - [07/Jun/2018:12:30:25 +0800] "GET /js/popper.min.js.map HTTP/1.1" 404 152
0:0:0:0:0:0:0:1 - - [07/Jun/2018:22:48:45 +0800] "GET /bootstrap/css/bootstrap.css HTTP/1.1" 304 -
0:0:0:0:0:0:0:1 - - [07/Jun/2018:22:48:45 +0800] "GET /goods/goodlist HTTP/1.1" 200 50842
0:0:0:0:0:0:0:1 - - [07/Jun/2018:22:48:45 +0800] "GET /bootstrap/css/bootstrap.css.map HTTP/1.1" 304 -
0:0:0:0:0:0:0:1 - - [07/Jun/2018:22:50:15 +0800] "GET /goods/goodlist HTTP/1.1" 200 51822
0:0:0:0:0:0:0:1 - - [07/Jun/2018:22:50:15 +0800] "GET /js/popper.min.js HTTP/1.1" 304 -
0:0:0:0:0:0:0:1 - - [07/Jun/2018:22:50:15 +0800] "GET /js/jquery-3.3.1.min.js HTTP/1.1" 304 -
0:0:0:0:0:0:0:1 - - [07/Jun/2018:22:50:15 +0800] "GET /bootstrap/js/bootstrap.js HTTP/1.1" 304 -
0:0:0:0:0:0:0:1 - - [07/Jun/2018:22:50:15 +0800] "GET /bootstrap/js/bootstrap.js.map HTTP/1.1" 304 -
0:0:0:0:0:0:0:1 - - [07/Jun/2018:22:50:15 +0800] "GET /js/popper.min.js.map HTTP/1.1" 404 152
0:0:0:0:0:0:0:1 - - [07/Jun/2018:22:50:47 +0800] "GET /goods/goodlist?pi=2&searchName=null HTTP/1.1" 200 3344
0:0:0:0:0:0:0:1 - - [07/Jun/2018:22:51:04 +0800] "GET /goods/goodlist?pi=2&searchName=null HTTP/1.1" 200 3344
0:0:0:0:0:0:0:1 - - [07/Jun/2018:22:51:56 +0800] "GET /goods/goodlist HTTP/1.1" 200 51831
0:0:0:0:0:0:0:1 - - [07/Jun/2018:22:51:56 +0800] "GET /favicon.ico HTTP/1.1" 200 946
0:0:0:0:0:0:0:1 - - [07/Jun/2018:22:51:58 +0800] "GET /goods/goodlist?pi=2&searchName=null HTTP/1.1" 200 3357
0:0:0:0:0:0:0:1 - - [07/Jun/2018:22:53:25 +0800] "GET /goods/goodlist HTTP/1.1" 200 51815
0:0:0:0:0:0:0:1 - - [07/Jun/2018:22:53:29 +0800] "GET /goods/goodlist?pi=2&searchName= HTTP/1.1" 200 52025
0:0:0:0:0:0:0:1 - - [07/Jun/2018:22:54:01 +0800] "GET /goods/goodlist?pi=3&searchName= HTTP/1.1" 200 52180
0:0:0:0:0:0:0:1 - - [07/Jun/2018:22:54:28 +0800] "GET /goods/goodlist?pi=4&searchName= HTTP/1.1" 200 51870
0:0:0:0:0:0:0:1 - - [07/Jun/2018:22:55:23 +0800] "GET /goods/goodlist?pi=4&searchName= HTTP/1.1" 200 51884
0:0:0:0:0:0:0:1 - - [07/Jun/2018:22:55:23 +0800] "GET /favicon.ico HTTP/1.1" 200 946
0:0:0:0:0:0:0:1 - - [07/Jun/2018:22:55:26 +0800] "GET / HTTP/1.1" 200 11536
0:0:0:0:0:0:0:1 - - [07/Jun/2018:22:55:26 +0800] "GET /js/jquery.3.3.1.min.js HTTP/1.1" 404 154
0:0:0:0:0:0:0:1 - - [07/Jun/2018:22:55:26 +0800] "GET /js/jquery.3.3.1.min.js HTTP/1.1" 404 154
0:0:0:0:0:0:0:1 - - [07/Jun/2018:22:58:29 +0800] "GET /goods/goodlist HTTP/1.1" 200 51872
0:0:0:0:0:0:0:1 - - [07/Jun/2018:22:58:32 +0800] "GET / HTTP/1.1" 200 11536
0:0:0:0:0:0:0:1 - - [07/Jun/2018:22:58:33 +0800] "GET /js/jquery.3.3.1.min.js HTTP/1.1" 404 154
0:0:0:0:0:0:0:1 - - [07/Jun/2018:23:00:25 +0800] "GET / HTTP/1.1" 200 12721
0:0:0:0:0:0:0:1 - - [07/Jun/2018:23:00:25 +0800] "GET /js/jquery.3.3.1.min.js HTTP/1.1" 404 154
0:0:0:0:0:0:0:1 - - [07/Jun/2018:23:00:26 +0800] "GET /favicon.ico HTTP/1.1" 200 946
0:0:0:0:0:0:0:1 - - [07/Jun/2018:23:00:28 +0800] "GET /goods/goodlist HTTP/1.1" 200 51872
0:0:0:0:0:0:0:1 - - [07/Jun/2018:23:00:29 +0800] "GET / HTTP/1.1" 200 12721
0:0:0:0:0:0:0:1 - - [07/Jun/2018:23:00:29 +0800] "GET /js/jquery.3.3.1.min.js HTTP/1.1" 404 154
0:0:0:0:0:0:0:1 - - [07/Jun/2018:23:04:06 +0800] "GET / HTTP/1.1" 200 51578
0:0:0:0:0:0:0:1 - - [07/Jun/2018:23:04:06 +0800] "GET /js/jquery.3.3.1.min.js HTTP/1.1" 404 154
0:0:0:0:0:0:0:1 - - [07/Jun/2018:23:04:14 +0800] "POST /goods/goodlist HTTP/1.1" 200 52008
0:0:0:0:0:0:0:1 - - [07/Jun/2018:23:04:22 +0800] "GET /js/jquery.3.3.1.min.js HTTP/1.1" 404 154
192.168.0.104 - - [07/Jun/2018:23:04:39 +0800] "GET /goods/goodlist HTTP/1.1" 200 51872
192.168.0.104 - - [07/Jun/2018:23:04:39 +0800] "GET /bootstrap/css/bootstrap.css HTTP/1.1" 200 173442
192.168.0.104 - - [07/Jun/2018:23:04:39 +0800] "GET /js/jquery-3.3.1.min.js HTTP/1.1" 200 86926
192.168.0.104 - - [07/Jun/2018:23:04:39 +0800] "GET /js/popper.min.js HTTP/1.1" 200 19187
192.168.0.104 - - [07/Jun/2018:23:04:39 +0800] "GET /bootstrap/js/bootstrap.js HTTP/1.1" 200 122579
192.168.0.104 - - [07/Jun/2018:23:04:56 +0800] "GET / HTTP/1.1" 200 51578
192.168.0.104 - - [07/Jun/2018:23:04:56 +0800] "GET /js/jquery.3.3.1.min.js HTTP/1.1" 404 154
192.168.0.104 - - [07/Jun/2018:23:06:34 +0800] "GET / HTTP/1.1" 200 51586
192.168.0.104 - - [07/Jun/2018:23:06:34 +0800] "GET /js/jquery.3.3.1.min.js HTTP/1.1" 404 154
192.168.0.104 - - [07/Jun/2018:23:06:34 +0800] "GET /js/popper.min.js HTTP/1.1" 200 19187
192.168.0.104 - - [07/Jun/2018:23:06:34 +0800] "GET /bootstrap/js/bootstrap.js HTTP/1.1" 200 122579
192.168.0.104 - - [07/Jun/2018:23:06:34 +0800] "GET /bootstrap/css/bootstrap.css HTTP/1.1" 200 173442
192.168.0.104 - - [07/Jun/2018:23:07:14 +0800] "GET / HTTP/1.1" 200 51586
192.168.0.104 - - [07/Jun/2018:23:07:14 +0800] "GET /js/jquery-3.3.1.min.js HTTP/1.1" 200 86926
192.168.0.104 - - [07/Jun/2018:23:07:20 +0800] "GET /goods/goodlist HTTP/1.1" 200 51872
192.168.0.104 - - [07/Jun/2018:23:07:28 +0800] "GET /goods/goodlist?pi=2&searchName= HTTP/1.1" 200 52082
192.168.0.104 - - [07/Jun/2018:23:08:01 +0800] "GET / HTTP/1.1" 200 51586
0:0:0:0:0:0:0:1 - - [07/Jun/2018:23:09:22 +0800] "GET / HTTP/1.1" 200 51292
192.168.0.104 - - [07/Jun/2018:23:10:06 +0800] "GET / HTTP/1.1" 200 51291
192.168.0.104 - - [07/Jun/2018:23:10:30 +0800] "GET /goods/goodlist HTTP/1.1" 200 51872
192.168.0.104 - - [07/Jun/2018:23:11:14 +0800] "GET / HTTP/1.1" 200 51291
0:0:0:0:0:0:0:1 - - [07/Jun/2018:23:24:54 +0800] "GET / HTTP/1.1" 200 51475
0:0:0:0:0:0:0:1 - - [07/Jun/2018:23:24:54 +0800] "GET /favicon.ico HTTP/1.1" 200 946
0:0:0:0:0:0:0:1 - - [07/Jun/2018:23:25:00 +0800] "GET /goods/goodlist HTTP/1.1" 200 52056
0:0:0:0:0:0:0:1 - - [07/Jun/2018:23:26:12 +0800] "GET / HTTP/1.1" 200 51523
0:0:0:0:0:0:0:1 - - [11/Jun/2018:09:53:19 +0800] "GET /bootstrap/css/bootstrap.css HTTP/1.1" 200 173442
0:0:0:0:0:0:0:1 - - [11/Jun/2018:09:53:19 +0800] "GET / HTTP/1.1" 200 55535
0:0:0:0:0:0:0:1 - - [11/Jun/2018:09:53:20 +0800] "GET /js/popper.min.js HTTP/1.1" 200 19187
0:0:0:0:0:0:0:1 - - [11/Jun/2018:09:53:20 +0800] "GET /js/jquery-3.3.1.min.js HTTP/1.1" 200 86926
0:0:0:0:0:0:0:1 - - [11/Jun/2018:09:53:20 +0800] "GET /bootstrap/js/bootstrap.js HTTP/1.1" 200 122579
0:0:0:0:0:0:0:1 - - [11/Jun/2018:09:53:20 +0800] "GET /favicon.ico HTTP/1.1" 200 67646
0:0:0:0:0:0:0:1 - - [11/Jun/2018:09:55:30 +0800] "GET /images/logo128.jpg HTTP/1.1" 200 21481
0:0:0:0:0:0:0:1 - - [11/Jun/2018:09:55:30 +0800] "GET / HTTP/1.1" 200 55583
0:0:0:0:0:0:0:1 - - [11/Jun/2018:09:55:30 +0800] "GET /favicon.ico HTTP/1.1" 200 67646
0:0:0:0:0:0:0:1 - - [11/Jun/2018:09:55:56 +0800] "GET / HTTP/1.1" 200 55535
0:0:0:0:0:0:0:1 - - [11/Jun/2018:09:55:56 +0800] "GET /favicon.ico HTTP/1.1" 200 67646
0:0:0:0:0:0:0:1 - - [11/Jun/2018:16:12:12 +0800] "GET /bootstrap/css/bootstrap.css HTTP/1.1" 304 -
0:0:0:0:0:0:0:1 - - [11/Jun/2018:16:12:12 +0800] "GET /goods/goodlist HTTP/1.1" 200 55999
0:0:0:0:0:0:0:1 - - [11/Jun/2018:16:12:12 +0800] "GET /js/jquery-3.3.1.min.js HTTP/1.1" 304 -
0:0:0:0:0:0:0:1 - - [11/Jun/2018:16:12:12 +0800] "GET /bootstrap/js/bootstrap.js HTTP/1.1" 304 -
0:0:0:0:0:0:0:1 - - [11/Jun/2018:16:12:12 +0800] "GET /js/popper.min.js HTTP/1.1" 304 -
0:0:0:0:0:0:0:1 - - [11/Jun/2018:16:12:15 +0800] "GET /goods/goodlistjson HTTP/1.1" 200 42302
0:0:0:0:0:0:0:1 - - [11/Jun/2018:16:12:54 +0800] "GET /goods/goodlistjson?pi=20 HTTP/1.1" 200 42218
0:0:0:0:0:0:0:1 - - [11/Jun/2018:16:15:24 +0800] "GET /goods/goodlist HTTP/1.1" 200 56617
0:0:0:0:0:0:0:1 - - [11/Jun/2018:16:16:08 +0800] "GET /goods/goodlist HTTP/1.1" 200 56960
0:0:0:0:0:0:0:1 - - [11/Jun/2018:16:16:09 +0800] "GET /favicon.ico HTTP/1.1" 200 67646
0:0:0:0:0:0:0:1 - - [11/Jun/2018:16:19:00 +0800] "GET /goods/goodlist HTTP/1.1" 200 54904
0:0:0:0:0:0:0:1 - - [11/Jun/2018:16:19:00 +0800] "GET /favicon.ico HTTP/1.1" 200 67646
0:0:0:0:0:0:0:1 - - [11/Jun/2018:16:22:03 +0800] "GET /goods/goodlist HTTP/1.1" 200 54904
0:0:0:0:0:0:0:1 - - [11/Jun/2018:16:22:03 +0800] "GET /favicon.ico HTTP/1.1" 200 67646
0:0:0:0:0:0:0:1 - - [11/Jun/2018:16:22:21 +0800] "GET /goods/goodlist HTTP/1.1" 200 56967
0:0:0:0:0:0:0:1 - - [11/Jun/2018:16:22:21 +0800] "GET /favicon.ico HTTP/1.1" 200 67646
0:0:0:0:0:0:0:1 - - [11/Jun/2018:16:22:28 +0800] "GET /goods/goodlist?pi=6&searchName= HTTP/1.1" 200 56704
0:0:0:0:0:0:0:1 - - [11/Jun/2018:16:22:36 +0800] "GET /goods/goodlist?pi=9&searchName= HTTP/1.1" 200 56547
0:0:0:0:0:0:0:1 - - [11/Jun/2018:16:23:04 +0800] "GET /goods/goodlist?pi=9&searchName= HTTP/1.1" 200 56535
0:0:0:0:0:0:0:1 - - [11/Jun/2018:16:23:04 +0800] "GET /favicon.ico HTTP/1.1" 200 67646
0:0:0:0:0:0:0:1 - - [11/Jun/2018:16:23:15 +0800] "GET /goods/goodlist?pi=12&searchName= HTTP/1.1" 200 56972
0:0:0:0:0:0:0:1 - - [11/Jun/2018:16:26:07 +0800] "GET /goods/goodlist?pi=12&searchName= HTTP/1.1" 200 56821
0:0:0:0:0:0:0:1 - - [11/Jun/2018:16:26:07 +0800] "GET /favicon.ico HTTP/1.1" 200 67646
0:0:0:0:0:0:0:1 - - [11/Jun/2018:16:26:18 +0800] "GET /goods/goodlist?pi=12&searchName= HTTP/1.1" 200 56808
0:0:0:0:0:0:0:1 - - [11/Jun/2018:16:26:18 +0800] "GET /favicon.ico HTTP/1.1" 200 67646
0:0:0:0:0:0:0:1 - - [11/Jun/2018:16:26:26 +0800] "GET /goods/goodlist?pi=12&searchName= HTTP/1.1" 200 56808
0:0:0:0:0:0:0:1 - - [11/Jun/2018:16:26:26 +0800] "GET /favicon.ico HTTP/1.1" 200 67646
0:0:0:0:0:0:0:1 - - [11/Jun/2018:16:26:29 +0800] "GET /goods/goodlist?pi=12&searchName= HTTP/1.1" 200 56808
0:0:0:0:0:0:0:1 - - [11/Jun/2018:16:26:29 +0800] "GET /favicon.ico HTTP/1.1" 200 67646
0:0:0:0:0:0:0:1 - - [11/Jun/2018:16:26:35 +0800] "GET /goods/goodlist?pi=12&searchName= HTTP/1.1" 200 56805
0:0:0:0:0:0:0:1 - - [11/Jun/2018:16:26:35 +0800] "GET /favicon.ico HTTP/1.1" 200 67646
0:0:0:0:0:0:0:1 - - [11/Jun/2018:16:26:38 +0800] "GET /goods/goodlist?pi=15&searchName= HTTP/1.1" 200 56465
0:0:0:0:0:0:0:1 - - [11/Jun/2018:16:26:44 +0800] "GET /goods/goodlist?pi=18&searchName= HTTP/1.1" 200 56537
0:0:0:0:0:0:0:1 - - [11/Jun/2018:16:37:22 +0800] "GET /goods/goodlist?pi=18&searchName= HTTP/1.1" 200 56933
0:0:0:0:0:0:0:1 - - [11/Jun/2018:16:37:22 +0800] "GET /favicon.ico HTTP/1.1" 200 67646
0:0:0:0:0:0:0:1 - - [11/Jun/2018:16:50:59 +0800] "GET /goods/goodlist?pi=18&searchName= HTTP/1.1" 200 57790
0:0:0:0:0:0:0:1 - - [11/Jun/2018:16:50:59 +0800] "GET /favicon.ico HTTP/1.1" 200 67646
0:0:0:0:0:0:0:1 - - [11/Jun/2018:16:51:08 +0800] "GET /goods/goodlist HTTP/1.1" 200 58041
0:0:0:0:0:0:0:1 - - [11/Jun/2018:16:54:46 +0800] "GET /js/popper.min.js.map HTTP/1.1" 404 152
0:0:0:0:0:0:0:1 - - [11/Jun/2018:16:54:46 +0800] "GET /bootstrap/js/bootstrap.js.map HTTP/1.1" 200 209510
0:0:0:0:0:0:0:1 - - [11/Jun/2018:16:54:46 +0800] "GET /bootstrap/css/bootstrap.css.map HTTP/1.1" 200 426412
0:0:0:0:0:0:0:1 - - [11/Jun/2018:16:56:44 +0800] "GET /goods/goodlist HTTP/1.1" 200 58121
0:0:0:0:0:0:0:1 - - [11/Jun/2018:16:56:45 +0800] "GET /js/popper.min.js.map HTTP/1.1" 404 152
0:0:0:0:0:0:0:1 - - [11/Jun/2018:16:57:47 +0800] "GET /goods/goodlist HTTP/1.1" 200 58097
0:0:0:0:0:0:0:1 - - [11/Jun/2018:16:57:47 +0800] "GET /js/popper.min.js.map HTTP/1.1" 404 152
0:0:0:0:0:0:0:1 - - [11/Jun/2018:16:58:33 +0800] "GET /goods/goodlist HTTP/1.1" 200 58024
0:0:0:0:0:0:0:1 - - [11/Jun/2018:16:58:33 +0800] "GET /js/popper.min.js.map HTTP/1.1" 404 152
0:0:0:0:0:0:0:1 - - [11/Jun/2018:16:59:17 +0800] "GET /goods/goodlist HTTP/1.1" 200 58030
0:0:0:0:0:0:0:1 - - [11/Jun/2018:16:59:18 +0800] "GET /js/popper.min.js.map HTTP/1.1" 404 152
0:0:0:0:0:0:0:1 - - [11/Jun/2018:17:01:13 +0800] "GET /goods/goodlist HTTP/1.1" 200 58041
0:0:0:0:0:0:0:1 - - [11/Jun/2018:17:01:14 +0800] "GET /js/popper.min.js.map HTTP/1.1" 404 152
0:0:0:0:0:0:0:1 - - [11/Jun/2018:17:03:35 +0800] "GET /goods/goodlist HTTP/1.1" 200 58034
0:0:0:0:0:0:0:1 - - [11/Jun/2018:17:03:35 +0800] "GET /js/popper.min.js.map HTTP/1.1" 404 152
0:0:0:0:0:0:0:1 - - [11/Jun/2018:17:04:23 +0800] "GET /goods/goodlist HTTP/1.1" 200 58040
0:0:0:0:0:0:0:1 - - [11/Jun/2018:17:04:24 +0800] "GET /js/popper.min.js.map HTTP/1.1" 404 152
0:0:0:0:0:0:0:1 - - [11/Jun/2018:17:05:27 +0800] "GET /goods/goodlist HTTP/1.1" 200 58045
0:0:0:0:0:0:0:1 - - [11/Jun/2018:17:05:27 +0800] "GET /js/popper.min.js.map HTTP/1.1" 404 152
0:0:0:0:0:0:0:1 - - [11/Jun/2018:17:05:56 +0800] "GET /goods/goodlist HTTP/1.1" 200 58044
0:0:0:0:0:0:0:1 - - [11/Jun/2018:17:05:56 +0800] "GET /js/popper.min.js.map HTTP/1.1" 404 152
0:0:0:0:0:0:0:1 - - [11/Jun/2018:17:06:07 +0800] "GET /goods/goodlist?pi=2&searchName= HTTP/1.1" 200 58030
0:0:0:0:0:0:0:1 - - [11/Jun/2018:17:06:43 +0800] "GET /goods/goodlist HTTP/1.1" 200 58048
0:0:0:0:0:0:0:1 - - [11/Jun/2018:17:06:43 +0800] "GET /js/popper.min.js.map HTTP/1.1" 404 152
0:0:0:0:0:0:0:1 - - [11/Jun/2018:17:06:43 +0800] "GET /goods/goodlistjson?pi=2&searchName= HTTP/1.1" 200 42348
0:0:0:0:0:0:0:1 - - [11/Jun/2018:17:07:27 +0800] "GET /js/popper.min.js.map HTTP/1.1" 404 152
0:0:0:0:0:0:0:1 - - [11/Jun/2018:17:07:48 +0800] "GET /goods/goodlist HTTP/1.1" 200 58058
0:0:0:0:0:0:0:1 - - [11/Jun/2018:17:07:48 +0800] "GET /js/popper.min.js.map HTTP/1.1" 404 152
0:0:0:0:0:0:0:1 - - [11/Jun/2018:17:07:49 +0800] "GET /goods/goodlistjson?pi=2&searchName= HTTP/1.1" 200 42348
0:0:0:0:0:0:0:1 - - [11/Jun/2018:17:07:54 +0800] "GET /goods/goodlistjson?pi=4&searchName= HTTP/1.1" 200 42157
0:0:0:0:0:0:0:1 - - [11/Jun/2018:17:07:54 +0800] "GET /goods/goodlistjson?pi=3&searchName= HTTP/1.1" 200 42121
0:0:0:0:0:0:0:1 - - [11/Jun/2018:17:07:54 +0800] "GET /goods/goodlistjson?pi=7&searchName= HTTP/1.1" 200 42303
0:0:0:0:0:0:0:1 - - [11/Jun/2018:17:07:54 +0800] "GET /goods/goodlistjson?pi=6&searchName= HTTP/1.1" 200 42138
0:0:0:0:0:0:0:1 - - [11/Jun/2018:17:07:54 +0800] "GET /goods/goodlistjson?pi=5&searchName= HTTP/1.1" 200 42290
0:0:0:0:0:0:0:1 - - [11/Jun/2018:17:07:54 +0800] "GET /goods/goodlistjson?pi=8&searchName= HTTP/1.1" 200 42450
0:0:0:0:0:0:0:1 - - [11/Jun/2018:17:07:55 +0800] "GET /goods/goodlistjson?pi=9&searchName= HTTP/1.1" 200 42142
0:0:0:0:0:0:0:1 - - [11/Jun/2018:17:07:55 +0800] "GET /goods/goodlistjson?pi=10&searchName= HTTP/1.1" 200 42500
0:0:0:0:0:0:0:1 - - [11/Jun/2018:17:07:55 +0800] "GET /goods/goodlistjson?pi=12&searchName= HTTP/1.1" 200 42257
0:0:0:0:0:0:0:1 - - [11/Jun/2018:17:07:55 +0800] "GET /goods/goodlistjson?pi=11&searchName= HTTP/1.1" 200 42198
0:0:0:0:0:0:0:1 - - [11/Jun/2018:17:07:55 +0800] "GET /goods/goodlistjson?pi=13&searchName= HTTP/1.1" 200 42262
0:0:0:0:0:0:0:1 - - [11/Jun/2018:17:11:24 +0800] "GET /goods/goodlistjson?pi=15&searchName= HTTP/1.1" 200 42208
0:0:0:0:0:0:0:1 - - [11/Jun/2018:17:11:24 +0800] "GET /goods/goodlistjson?pi=14&searchName= HTTP/1.1" 200 42313
0:0:0:0:0:0:0:1 - - [11/Jun/2018:17:11:25 +0800] "GET /goods/goodlist HTTP/1.1" 200 58058
0:0:0:0:0:0:0:1 - - [11/Jun/2018:17:11:25 +0800] "GET /js/popper.min.js.map HTTP/1.1" 404 152
0:0:0:0:0:0:0:1 - - [11/Jun/2018:17:11:46 +0800] "GET /goods/goodlist HTTP/1.1" 200 58756
0:0:0:0:0:0:0:1 - - [11/Jun/2018:17:11:46 +0800] "GET /favicon.ico HTTP/1.1" 200 67646
0:0:0:0:0:0:0:1 - - [11/Jun/2018:17:17:13 +0800] "GET /goods/goodlistjson?pi=2&searchName= HTTP/1.1" 200 42348
0:0:0:0:0:0:0:1 - - [11/Jun/2018:17:17:13 +0800] "GET /goods/goodlistjson?pi=3&searchName= HTTP/1.1" 200 42121
0:0:0:0:0:0:0:1 - - [11/Jun/2018:17:28:01 +0800] "GET /goods/goodlistjson?pi=4&searchName= HTTP/1.1" 200 42157
0:0:0:0:0:0:0:1 - - [11/Jun/2018:17:28:01 +0800] "GET /goods/goodlistjson?pi=5&searchName= HTTP/1.1" 200 42290
0:0:0:0:0:0:0:1 - - [11/Jun/2018:17:28:03 +0800] "GET /goods/goodlist HTTP/1.1" 200 60075
0:0:0:0:0:0:0:1 - - [11/Jun/2018:17:28:03 +0800] "GET /js/popper.min.js.map HTTP/1.1" 404 152
0:0:0:0:0:0:0:1 - - [11/Jun/2018:17:28:03 +0800] "GET /goods/goodlist HTTP/1.1" 200 24606
0:0:0:0:0:0:0:1 - - [11/Jun/2018:17:28:10 +0800] "GET /goods/goodlistjson?pi=2&searchName= HTTP/1.1" 200 42348
0:0:0:0:0:0:0:1 - - [11/Jun/2018:17:28:10 +0800] "GET /goods/goodlistjson?pi=3&searchName= HTTP/1.1" 200 42121
0:0:0:0:0:0:0:1 - - [11/Jun/2018:17:28:10 +0800] "GET /goods/goodlistjson?pi=4&searchName= HTTP/1.1" 200 42157
0:0:0:0:0:0:0:1 - - [11/Jun/2018:17:28:10 +0800] "GET /goods/goodlistjson?pi=7&searchName= HTTP/1.1" 200 42303
0:0:0:0:0:0:0:1 - - [11/Jun/2018:17:28:10 +0800] "GET /goods/goodlistjson?pi=6&searchName= HTTP/1.1" 200 42138
0:0:0:0:0:0:0:1 - - [11/Jun/2018:17:28:10 +0800] "GET /goods/goodlistjson?pi=5&searchName= HTTP/1.1" 200 42290
0:0:0:0:0:0:0:1 - - [11/Jun/2018:17:28:12 +0800] "GET /goods/goodlistjson?pi=9&searchName= HTTP/1.1" 200 42142
0:0:0:0:0:0:0:1 - - [11/Jun/2018:17:28:12 +0800] "GET /goods/goodlistjson?pi=10&searchName= HTTP/1.1" 200 42500
0:0:0:0:0:0:0:1 - - [11/Jun/2018:17:28:12 +0800] "GET /goods/goodlistjson?pi=8&searchName= HTTP/1.1" 200 42450
0:0:0:0:0:0:0:1 - - [11/Jun/2018:17:28:12 +0800] "GET /goods/goodlistjson?pi=12&searchName= HTTP/1.1" 200 42257
0:0:0:0:0:0:0:1 - - [11/Jun/2018:17:28:12 +0800] "GET /goods/goodlistjson?pi=13&searchName= HTTP/1.1" 200 42262
0:0:0:0:0:0:0:1 - - [11/Jun/2018:17:28:12 +0800] "GET /goods/goodlistjson?pi=11&searchName= HTTP/1.1" 200 42198
0:0:0:0:0:0:0:1 - - [11/Jun/2018:17:28:41 +0800] "GET /goods/goodlistjson?pi=14&searchName= HTTP/1.1" 200 42313
0:0:0:0:0:0:0:1 - - [11/Jun/2018:17:28:41 +0800] "GET /goods/goodlistjson?pi=15&searchName= HTTP/1.1" 200 42208
0:0:0:0:0:0:0:1 - - [11/Jun/2018:17:28:41 +0800] "GET /goods/goodlistjson?pi=16&searchName= HTTP/1.1" 200 42190
0:0:0:0:0:0:0:1 - - [11/Jun/2018:17:28:44 +0800] "GET /goods/goodlistjson?pi=17&searchName= HTTP/1.1" 200 42236
0:0:0:0:0:0:0:1 - - [11/Jun/2018:17:28:44 +0800] "GET /goods/goodlistjson?pi=18&searchName= HTTP/1.1" 200 42205
0:0:0:0:0:0:0:1 - - [11/Jun/2018:17:28:44 +0800] "GET /goods/goodlistjson?pi=19&searchName= HTTP/1.1" 200 42217
0:0:0:0:0:0:0:1 - - [11/Jun/2018:17:28:44 +0800] "GET /goods/goodlistjson?pi=20&searchName= HTTP/1.1" 200 42218
0:0:0:0:0:0:0:1 - - [11/Jun/2018:17:28:45 +0800] "GET /goods/goodlistjson?pi=21&searchName= HTTP/1.1" 200 42115
0:0:0:0:0:0:0:1 - - [11/Jun/2018:17:28:47 +0800] "GET /goods/goodlist HTTP/1.1" 200 60075
0:0:0:0:0:0:0:1 - - [11/Jun/2018:17:28:48 +0800] "GET /js/popper.min.js.map HTTP/1.1" 404 152
0:0:0:0:0:0:0:1 - - [11/Jun/2018:17:28:48 +0800] "GET /goods/goodlist HTTP/1.1" 200 24606
0:0:0:0:0:0:0:1 - - [11/Jun/2018:17:28:48 +0800] "GET /goods/goodlistjson?pi=2&searchName= HTTP/1.1" 200 42348
0:0:0:0:0:0:0:1 - - [11/Jun/2018:17:28:57 +0800] "GET /goods/goodlistjson?pi=3&searchName= HTTP/1.1" 200 42121
0:0:0:0:0:0:0:1 - - [11/Jun/2018:17:28:57 +0800] "GET /goods/goodlistjson?pi=5&searchName= HTTP/1.1" 200 42290
0:0:0:0:0:0:0:1 - - [11/Jun/2018:17:28:57 +0800] "GET /goods/goodlistjson?pi=4&searchName= HTTP/1.1" 200 42157
0:0:0:0:0:0:0:1 - - [11/Jun/2018:17:28:57 +0800] "GET /goods/goodlistjson?pi=6&searchName= HTTP/1.1" 200 42138
0:0:0:0:0:0:0:1 - - [11/Jun/2018:17:28:57 +0800] "GET /goods/goodlistjson?pi=8&searchName= HTTP/1.1" 200 42450
0:0:0:0:0:0:0:1 - - [11/Jun/2018:17:28:57 +0800] "GET /goods/goodlistjson?pi=7&searchName= HTTP/1.1" 200 42303
0:0:0:0:0:0:0:1 - - [11/Jun/2018:17:28:57 +0800] "GET /goods/goodlistjson?pi=9&searchName= HTTP/1.1" 200 42142
0:0:0:0:0:0:0:1 - - [11/Jun/2018:17:30:55 +0800] "GET /goods/goodlist HTTP/1.1" 200 60325
0:0:0:0:0:0:0:1 - - [11/Jun/2018:17:30:55 +0800] "GET /js/popper.min.js.map HTTP/1.1" 404 152
0:0:0:0:0:0:0:1 - - [11/Jun/2018:17:30:55 +0800] "GET /goods/goodlist HTTP/1.1" 200 24606
0:0:0:0:0:0:0:1 - - [11/Jun/2018:17:30:56 +0800] "GET /goods/goodlistjson?pi=2&searchName= HTTP/1.1" 200 42348
0:0:0:0:0:0:0:1 - - [11/Jun/2018:17:34:43 +0800] "GET /goods/goodlist HTTP/1.1" 200 60733
0:0:0:0:0:0:0:1 - - [11/Jun/2018:17:34:43 +0800] "GET /js/popper.min.js.map HTTP/1.1" 404 152
0:0:0:0:0:0:0:1 - - [11/Jun/2018:17:34:43 +0800] "GET /goods/goodlist HTTP/1.1" 200 24606
0:0:0:0:0:0:0:1 - - [11/Jun/2018:17:34:50 +0800] "GET /goods/goodlistjson?pi=2&searchName= HTTP/1.1" 200 42348
0:0:0:0:0:0:0:1 - - [11/Jun/2018:17:34:50 +0800] "GET /goods/goodlistjson?pi=4&searchName= HTTP/1.1" 200 42157
0:0:0:0:0:0:0:1 - - [11/Jun/2018:17:34:50 +0800] "GET /goods/goodlistjson?pi=3&searchName= HTTP/1.1" 200 42121
0:0:0:0:0:0:0:1 - - [11/Jun/2018:17:34:50 +0800] "GET /goods/goodlistjson?pi=5&searchName= HTTP/1.1" 200 42290
0:0:0:0:0:0:0:1 - - [11/Jun/2018:17:34:50 +0800] "GET /goods/goodlistjson?pi=7&searchName= HTTP/1.1" 200 42303
0:0:0:0:0:0:0:1 - - [11/Jun/2018:17:34:50 +0800] "GET /goods/goodlistjson?pi=6&searchName= HTTP/1.1" 200 42138
0:0:0:0:0:0:0:1 - - [11/Jun/2018:17:34:51 +0800] "GET /goods/goodlistjson?pi=10&searchName= HTTP/1.1" 200 42500
0:0:0:0:0:0:0:1 - - [11/Jun/2018:17:34:51 +0800] "GET /goods/goodlistjson?pi=9&searchName= HTTP/1.1" 200 42142
0:0:0:0:0:0:0:1 - - [11/Jun/2018:17:34:51 +0800] "GET /goods/goodlistjson?pi=8&searchName= HTTP/1.1" 200 42450
0:0:0:0:0:0:0:1 - - [11/Jun/2018:17:34:51 +0800] "GET /goods/goodlistjson?pi=11&searchName= HTTP/1.1" 200 42198
0:0:0:0:0:0:0:1 - - [11/Jun/2018:17:34:51 +0800] "GET /goods/goodlistjson?pi=12&searchName= HTTP/1.1" 200 42257
0:0:0:0:0:0:0:1 - - [11/Jun/2018:17:34:51 +0800] "GET /goods/goodlistjson?pi=13&searchName= HTTP/1.1" 200 42262
0:0:0:0:0:0:0:1 - - [11/Jun/2018:17:34:52 +0800] "GET /goods/goodlistjson?pi=16&searchName= HTTP/1.1" 200 42190
0:0:0:0:0:0:0:1 - - [11/Jun/2018:17:34:52 +0800] "GET /goods/goodlistjson?pi=14&searchName= HTTP/1.1" 200 42313
0:0:0:0:0:0:0:1 - - [11/Jun/2018:17:34:52 +0800] "GET /goods/goodlistjson?pi=15&searchName= HTTP/1.1" 200 42208
0:0:0:0:0:0:0:1 - - [11/Jun/2018:17:34:53 +0800] "GET /goods/goodlistjson?pi=18&searchName= HTTP/1.1" 200 42205
0:0:0:0:0:0:0:1 - - [11/Jun/2018:17:34:53 +0800] "GET /goods/goodlistjson?pi=17&searchName= HTTP/1.1" 200 42236
0:0:0:0:0:0:0:1 - - [11/Jun/2018:17:34:53 +0800] "GET /goods/goodlistjson?pi=19&searchName= HTTP/1.1" 200 42217
0:0:0:0:0:0:0:1 - - [11/Jun/2018:17:34:54 +0800] "GET /goods/goodlistjson?pi=22&searchName= HTTP/1.1" 200 42285
0:0:0:0:0:0:0:1 - - [11/Jun/2018:17:34:54 +0800] "GET /goods/goodlistjson?pi=20&searchName= HTTP/1.1" 200 42218
0:0:0:0:0:0:0:1 - - [11/Jun/2018:17:34:54 +0800] "GET /goods/goodlistjson?pi=21&searchName= HTTP/1.1" 200 42115
0:0:0:0:0:0:0:1 - - [11/Jun/2018:17:34:54 +0800] "GET /goods/goodlistjson?pi=23&searchName= HTTP/1.1" 200 42413
0:0:0:0:0:0:0:1 - - [11/Jun/2018:17:34:54 +0800] "GET /goods/goodlistjson?pi=24&searchName= HTTP/1.1" 200 42162
0:0:0:0:0:0:0:1 - - [11/Jun/2018:17:34:54 +0800] "GET /goods/goodlistjson?pi=25&searchName= HTTP/1.1" 200 43002
0:0:0:0:0:0:0:1 - - [11/Jun/2018:17:36:16 +0800] "GET /goods/goodlist HTTP/1.1" 200 60815
0:0:0:0:0:0:0:1 - - [11/Jun/2018:17:36:17 +0800] "GET /js/popper.min.js.map HTTP/1.1" 404 152
0:0:0:0:0:0:0:1 - - [11/Jun/2018:17:36:17 +0800] "GET /goods/goodlist HTTP/1.1" 200 24606
0:0:0:0:0:0:0:1 - - [11/Jun/2018:17:36:17 +0800] "GET /goods/goodlistjson?pi=2&searchName= HTTP/1.1" 200 42348
0:0:0:0:0:0:0:1 - - [11/Jun/2018:17:36:23 +0800] "GET /goods/goodlistjson?pi=3&searchName= HTTP/1.1" 200 42121
0:0:0:0:0:0:0:1 - - [11/Jun/2018:17:36:39 +0800] "GET /goods/goodlistjson?pi=4&searchName= HTTP/1.1" 200 42157
0:0:0:0:0:0:0:1 - - [11/Jun/2018:17:37:55 +0800] "GET /goods/goodlistjson?pi=5&searchName= HTTP/1.1" 200 42290
0:0:0:0:0:0:0:1 - - [11/Jun/2018:17:38:04 +0800] "GET /goods/goodlistjson?pi=6&searchName= HTTP/1.1" 200 42138
0:0:0:0:0:0:0:1 - - [11/Jun/2018:17:38:04 +0800] "GET /js/popper.min.js.map HTTP/1.1" 404 152
0:0:0:0:0:0:0:1 - - [11/Jun/2018:17:38:22 +0800] "GET /goods/goodlist HTTP/1.1" 200 60815
0:0:0:0:0:0:0:1 - - [11/Jun/2018:17:38:22 +0800] "GET /js/popper.min.js.map HTTP/1.1" 404 152
0:0:0:0:0:0:0:1 - - [11/Jun/2018:17:38:23 +0800] "GET /goods/goodlist HTTP/1.1" 200 24606
0:0:0:0:0:0:0:1 - - [11/Jun/2018:17:38:23 +0800] "GET /goods/goodlistjson?pi=2&searchName= HTTP/1.1" 200 42348
0:0:0:0:0:0:0:1 - - [11/Jun/2018:17:38:33 +0800] "GET /goods/goodlistjson?pi=3&searchName= HTTP/1.1" 200 42121
0:0:0:0:0:0:0:1 - - [11/Jun/2018:17:38:36 +0800] "GET /goods/goodlistjson?pi=4&searchName= HTTP/1.1" 200 42157
0:0:0:0:0:0:0:1 - - [11/Jun/2018:22:12:11 +0800] "GET /bootstrap/css/bootstrap.css HTTP/1.1" 304 -
0:0:0:0:0:0:0:1 - - [11/Jun/2018:22:12:11 +0800] "GET /goods/goodlist HTTP/1.1" 200 60848
0:0:0:0:0:0:0:1 - - [11/Jun/2018:22:12:11 +0800] "GET /js/popper.min.js HTTP/1.1" 304 -
0:0:0:0:0:0:0:1 - - [11/Jun/2018:22:12:11 +0800] "GET /js/jquery-3.3.1.min.js HTTP/1.1" 304 -
0:0:0:0:0:0:0:1 - - [11/Jun/2018:22:12:11 +0800] "GET /bootstrap/js/bootstrap.js HTTP/1.1" 304 -
0:0:0:0:0:0:0:1 - - [11/Jun/2018:22:12:11 +0800] "GET /bootstrap/css/bootstrap.css.map HTTP/1.1" 304 -
0:0:0:0:0:0:0:1 - - [11/Jun/2018:22:12:11 +0800] "GET /bootstrap/js/bootstrap.js.map HTTP/1.1" 304 -
0:0:0:0:0:0:0:1 - - [11/Jun/2018:22:12:11 +0800] "GET /js/popper.min.js.map HTTP/1.1" 404 152
0:0:0:0:0:0:0:1 - - [11/Jun/2018:22:12:11 +0800] "GET /goods/goodlist HTTP/1.1" 200 16406
0:0:0:0:0:0:0:1 - - [11/Jun/2018:22:12:12 +0800] "GET /goods/goodlistjson?pi=2&searchName= HTTP/1.1" 200 42348
0:0:0:0:0:0:0:1 - - [11/Jun/2018:22:12:23 +0800] "POST /goods/goodlist HTTP/1.1" 200 60110
0:0:0:0:0:0:0:1 - - [11/Jun/2018:22:12:24 +0800] "GET /js/popper.min.js.map HTTP/1.1" 404 152
0:0:0:0:0:0:0:1 - - [11/Jun/2018:22:12:24 +0800] "GET /goods/goodlist HTTP/1.1" 200 41006
0:0:0:0:0:0:0:1 - - [11/Jun/2018:22:12:46 +0800] "GET /goods/goodlistjson?pi=2&searchName=%E9%9B%A8%E4%BC%9E HTTP/1.1" 200 42076
0:0:0:0:0:0:0:1 - - [11/Jun/2018:22:12:50 +0800] "GET /goods/goodlistjson?pi=3&searchName=%E9%9B%A8%E4%BC%9E HTTP/1.1" 200 28920
0:0:0:0:0:0:0:1 - - [11/Jun/2018:22:12:52 +0800] "GET /goods/goodlistjson?pi=4&searchName=%E9%9B%A8%E4%BC%9E HTTP/1.1" 200 28920
0:0:0:0:0:0:0:1 - - [11/Jun/2018:22:12:54 +0800] "GET /goods/goodlistjson?pi=5&searchName=%E9%9B%A8%E4%BC%9E HTTP/1.1" 200 28920
0:0:0:0:0:0:0:1 - - [11/Jun/2018:22:12:57 +0800] "GET /goods/goodlistjson?pi=6&searchName=%E9%9B%A8%E4%BC%9E HTTP/1.1" 200 28920
0:0:0:0:0:0:0:1 - - [11/Jun/2018:22:13:00 +0800] "GET /goods/goodlistjson?pi=7&searchName=%E9%9B%A8%E4%BC%9E HTTP/1.1" 200 28920
0:0:0:0:0:0:0:1 - - [11/Jun/2018:22:13:02 +0800] "GET /goods/goodlistjson?pi=8&searchName=%E9%9B%A8%E4%BC%9E HTTP/1.1" 200 28920
0:0:0:0:0:0:0:1 - - [11/Jun/2018:22:13:04 +0800] "GET /goods/goodlistjson?pi=9&searchName=%E9%9B%A8%E4%BC%9E HTTP/1.1" 200 28920
0:0:0:0:0:0:0:1 - - [11/Jun/2018:22:13:06 +0800] "GET /goods/goodlistjson?pi=10&searchName=%E9%9B%A8%E4%BC%9E HTTP/1.1" 200 28920
0:0:0:0:0:0:0:1 - - [11/Jun/2018:22:13:08 +0800] "GET /goods/goodlistjson?pi=11&searchName=%E9%9B%A8%E4%BC%9E HTTP/1.1" 200 28920
0:0:0:0:0:0:0:1 - - [11/Jun/2018:22:13:11 +0800] "GET /goods/goodlistjson?pi=12&searchName=%E9%9B%A8%E4%BC%9E HTTP/1.1" 200 28920
0:0:0:0:0:0:0:1 - - [11/Jun/2018:22:13:12 +0800] "GET /goods/goodlistjson?pi=13&searchName=%E9%9B%A8%E4%BC%9E HTTP/1.1" 200 28920
0:0:0:0:0:0:0:1 - - [11/Jun/2018:22:13:22 +0800] "GET /goods/goodlistjson?pi=14&searchName=%E9%9B%A8%E4%BC%9E HTTP/1.1" 200 28920
0:0:0:0:0:0:0:1 - - [11/Jun/2018:22:13:24 +0800] "GET /goods/goodlistjson?pi=15&searchName=%E9%9B%A8%E4%BC%9E HTTP/1.1" 200 28920
0:0:0:0:0:0:0:1 - - [11/Jun/2018:22:19:58 +0800] "GET /goods/goodlist HTTP/1.1" 200 61199
0:0:0:0:0:0:0:1 - - [11/Jun/2018:22:19:59 +0800] "GET /js/popper.min.js.map HTTP/1.1" 404 152
0:0:0:0:0:0:0:1 - - [11/Jun/2018:22:19:59 +0800] "GET /goods/goodlist HTTP/1.1" 200 16406
0:0:0:0:0:0:0:1 - - [11/Jun/2018:22:19:59 +0800] "GET /goods/goodlistjson?pi=2&searchName= HTTP/1.1" 200 42348
0:0:0:0:0:0:0:1 - - [11/Jun/2018:22:20:05 +0800] "POST /goods/goodlist HTTP/1.1" 200 60459
0:0:0:0:0:0:0:1 - - [11/Jun/2018:22:20:06 +0800] "GET /js/popper.min.js.map HTTP/1.1" 404 152
0:0:0:0:0:0:0:1 - - [11/Jun/2018:22:20:06 +0800] "GET /goods/goodlist HTTP/1.1" 200 24606
0:0:0:0:0:0:0:1 - - [11/Jun/2018:22:20:17 +0800] "GET /goods/goodlistjson?pi=2&searchName=%E9%9B%A8%E4%BC%9E HTTP/1.1" 200 42076
0:0:0:0:0:0:0:1 - - [11/Jun/2018:22:20:22 +0800] "GET /goods/goodlistjson?pi=3&searchName=%E9%9B%A8%E4%BC%9E HTTP/1.1" 200 28920
0:0:0:0:0:0:0:1 - - [11/Jun/2018:22:25:55 +0800] "POST /goods/goodlist HTTP/1.1" 200 60520
0:0:0:0:0:0:0:1 - - [11/Jun/2018:22:25:55 +0800] "GET /js/formatNumber.js HTTP/1.1" 200 3696
0:0:0:0:0:0:0:1 - - [11/Jun/2018:22:25:55 +0800] "GET /goods/goodlist HTTP/1.1" 200 32806
0:0:0:0:0:0:0:1 - - [11/Jun/2018:22:26:01 +0800] "GET /goods/goodlistjson?pi=2&searchName=%E9%9B%A8%E4%BC%9E HTTP/1.1" 200 42076
0:0:0:0:0:0:0:1 - - [11/Jun/2018:22:26:06 +0800] "GET /goods/goodlistjson?pi=3&searchName=%E9%9B%A8%E4%BC%9E HTTP/1.1" 200 28920
0:0:0:0:0:0:0:1 - - [12/Jun/2018:22:38:50 +0800] "GET /goods/goodlist HTTP/1.1" 500 415
0:0:0:0:0:0:0:1 - - [12/Jun/2018:22:39:56 +0800] "GET /bootstrap/css/bootstrap.css HTTP/1.1" 304 -
0:0:0:0:0:0:0:1 - - [12/Jun/2018:22:39:56 +0800] "GET /goods/goodlist HTTP/1.1" 200 61240
0:0:0:0:0:0:0:1 - - [12/Jun/2018:22:39:56 +0800] "GET /bootstrap/js/bootstrap.js HTTP/1.1" 304 -
0:0:0:0:0:0:0:1 - - [12/Jun/2018:22:39:56 +0800] "GET /js/popper.min.js HTTP/1.1" 304 -
0:0:0:0:0:0:0:1 - - [12/Jun/2018:22:39:56 +0800] "GET /js/jquery-3.3.1.min.js HTTP/1.1" 304 -
0:0:0:0:0:0:0:1 - - [12/Jun/2018:22:39:56 +0800] "GET /js/formatNumber.js HTTP/1.1" 304 -
0:0:0:0:0:0:0:1 - - [12/Jun/2018:22:39:56 +0800] "GET /goods/goodlist HTTP/1.1" 200 16406
0:0:0:0:0:0:0:1 - - [12/Jun/2018:22:39:57 +0800] "GET /goods/goodlistjson?pi=2&searchName= HTTP/1.1" 200 42280
0:0:0:0:0:0:0:1 - - [12/Jun/2018:22:40:28 +0800] "GET /goods/goodlist HTTP/1.1" 200 61247
0:0:0:0:0:0:0:1 - - [12/Jun/2018:22:40:29 +0800] "GET /goods/goodlist HTTP/1.1" 200 16406
0:0:0:0:0:0:0:1 - - [12/Jun/2018:22:40:32 +0800] "GET /category/categorylist HTTP/1.1" 200 42495
0:0:0:0:0:0:0:1 - - [12/Jun/2018:22:41:29 +0800] "GET /category/categorylist HTTP/1.1" 200 82110
0:0:0:0:0:0:0:1 - - [12/Jun/2018:22:41:29 +0800] "GET /favicon.ico HTTP/1.1" 200 67646
0:0:0:0:0:0:0:1 - - [12/Jun/2018:22:44:02 +0800] "GET /goods/goodlist HTTP/1.1" 200 61247
0:0:0:0:0:0:0:1 - - [12/Jun/2018:22:44:03 +0800] "GET /goods/goodlist HTTP/1.1" 200 24606
0:0:0:0:0:0:0:1 - - [12/Jun/2018:22:44:42 +0800] "GET /goods/goodlistjson?pi=2&searchName= HTTP/1.1" 200 42280
0:0:0:0:0:0:0:1 - - [12/Jun/2018:22:45:03 +0800] "GET /category/categorylist HTTP/1.1" 200 82110
0:0:0:0:0:0:0:1 - - [12/Jun/2018:22:47:47 +0800] "GET /category/categorylist HTTP/1.1" 200 82113
0:0:0:0:0:0:0:1 - - [12/Jun/2018:22:47:51 +0800] "GET /goods/goodslist HTTP/1.1" 500 447
0:0:0:0:0:0:0:1 - - [12/Jun/2018:22:49:02 +0800] "GET /goods/goodslist HTTP/1.1" 200 61262
0:0:0:0:0:0:0:1 - - [12/Jun/2018:22:49:03 +0800] "GET /goods/goodslist HTTP/1.1" 200 16406
0:0:0:0:0:0:0:1 - - [12/Jun/2018:22:49:05 +0800] "GET /category/categorylist HTTP/1.1" 200 82113
0:0:0:0:0:0:0:1 - - [12/Jun/2018:22:49:07 +0800] "GET /goods/goodslist HTTP/1.1" 200 61262
0:0:0:0:0:0:0:1 - - [12/Jun/2018:22:49:07 +0800] "GET /goods/goodslist HTTP/1.1" 200 16406
0:0:0:0:0:0:0:1 - - [12/Jun/2018:22:49:08 +0800] "GET /goods/goodslistjson?pi=2&searchName= HTTP/1.1" 200 42280
0:0:0:0:0:0:0:1 - - [12/Jun/2018:22:50:27 +0800] "GET /goods/goodslist HTTP/1.1" 200 61082
0:0:0:0:0:0:0:1 - - [12/Jun/2018:22:50:28 +0800] "GET /goods/goodslist HTTP/1.1" 200 16406
0:0:0:0:0:0:0:1 - - [12/Jun/2018:22:50:39 +0800] "GET /goods/goodslist HTTP/1.1" 200 61082
0:0:0:0:0:0:0:1 - - [12/Jun/2018:22:50:39 +0800] "GET /goods/goodslist HTTP/1.1" 200 16406
0:0:0:0:0:0:0:1 - - [12/Jun/2018:22:50:39 +0800] "GET /favicon.ico HTTP/1.1" 200 67646
0:0:0:0:0:0:0:1 - - [12/Jun/2018:22:50:43 +0800] "GET /goods/goodslistjson?pi=2&searchName= HTTP/1.1" 200 42280
0:0:0:0:0:0:0:1 - - [12/Jun/2018:22:50:46 +0800] "GET /goods/goodslistjson?pi=3&searchName= HTTP/1.1" 200 42144
0:0:0:0:0:0:0:1 - - [12/Jun/2018:22:51:01 +0800] "GET /goods/goodslistjson?pi=4&searchName= HTTP/1.1" 200 42156
0:0:0:0:0:0:0:1 - - [12/Jun/2018:22:51:12 +0800] "GET /goods/goodslistjson?pi=5&searchName= HTTP/1.1" 200 42140
0:0:0:0:0:0:0:1 - - [12/Jun/2018:22:51:54 +0800] "GET /goods/goodslistjson?pi=6&searchName= HTTP/1.1" 200 42358
0:0:0:0:0:0:0:1 - - [12/Jun/2018:22:53:32 +0800] "GET /goods/goodslistjson?pi=7&searchName= HTTP/1.1" 200 42297
0:0:0:0:0:0:0:1 - - [12/Jun/2018:23:53:10 +0800] "GET /category/categorylist HTTP/1.1" 200 89607
0:0:0:0:0:0:0:1 - - [12/Jun/2018:23:53:13 +0800] "GET /goods/goodslist?categoryid=20 HTTP/1.1" 500 318
0:0:0:0:0:0:0:1 - - [12/Jun/2018:23:54:12 +0800] "GET /goods/goodslist?categoryid=20 HTTP/1.1" 200 7948
0:0:0:0:0:0:0:1 - - [12/Jun/2018:23:54:12 +0800] "GET /goods/goodslist?categoryid=20 HTTP/1.1" 200 7948
0:0:0:0:0:0:0:1 - - [13/Jun/2018:00:31:00 +0800] "GET /goods/goodslist HTTP/1.1" 200 61539
0:0:0:0:0:0:0:1 - - [13/Jun/2018:00:31:01 +0800] "GET /goods/goodslist HTTP/1.1" 200 16406
0:0:0:0:0:0:0:1 - - [13/Jun/2018:00:32:10 +0800] "GET /goods/goodslist HTTP/1.1" 200 61480
0:0:0:0:0:0:0:1 - - [13/Jun/2018:00:32:11 +0800] "GET /goods/goodslist HTTP/1.1" 200 16406
0:0:0:0:0:0:0:1 - - [13/Jun/2018:00:33:30 +0800] "GET /goods/goodslist HTTP/1.1" 500 416
0:0:0:0:0:0:0:1 - - [13/Jun/2018:00:36:21 +0800] "GET /goods/goodslist HTTP/1.1" 200 61414
0:0:0:0:0:0:0:1 - - [13/Jun/2018:00:36:22 +0800] "GET /goods/goodslist HTTP/1.1" 200 16406
0:0:0:0:0:0:0:1 - - [13/Jun/2018:00:36:24 +0800] "GET /category/categorylist HTTP/1.1" 200 89607
0:0:0:0:0:0:0:1 - - [13/Jun/2018:00:36:26 +0800] "GET /goods/goodslist?categoryid=19 HTTP/1.1" 200 61064
0:0:0:0:0:0:0:1 - - [13/Jun/2018:00:36:27 +0800] "GET /goods/goodslist?categoryid=19 HTTP/1.1" 200 41006
0:0:0:0:0:0:0:1 - - [13/Jun/2018:00:36:33 +0800] "GET /goods/goodslistjson?pi=2&searchName= HTTP/1.1" 200 42554
0:0:0:0:0:0:0:1 - - [13/Jun/2018:00:36:40 +0800] "GET /goods/goodslistjson?pi=3&searchName= HTTP/1.1" 200 42245
0:0:0:0:0:0:0:1 - - [13/Jun/2018:00:36:47 +0800] "GET /bootstrap/js/bootstrap.js.map HTTP/1.1" 304 -
0:0:0:0:0:0:0:1 - - [13/Jun/2018:00:36:47 +0800] "GET /js/popper.min.js.map HTTP/1.1" 404 152
0:0:0:0:0:0:0:1 - - [13/Jun/2018:00:36:47 +0800] "GET /bootstrap/css/bootstrap.css.map HTTP/1.1" 304 -
0:0:0:0:0:0:0:1 - - [13/Jun/2018:00:37:05 +0800] "GET /goods/goodslist?pi=5&searchName=&categoryid=19 HTTP/1.1" 200 61090
0:0:0:0:0:0:0:1 - - [13/Jun/2018:00:37:06 +0800] "GET /js/popper.min.js.map HTTP/1.1" 404 152
0:0:0:0:0:0:0:1 - - [13/Jun/2018:00:37:06 +0800] "GET /goods/goodslist?pi=5&searchName=&categoryid=19 HTTP/1.1" 200 32806
0:0:0:0:0:0:0:1 - - [13/Jun/2018:00:37:16 +0800] "GET /goods/goodslistjson?pi=2&searchName= HTTP/1.1" 200 42554
0:0:0:0:0:0:0:1 - - [13/Jun/2018:00:37:44 +0800] "GET /goods/goodslistjson?pi=3&searchName= HTTP/1.1" 200 42245
0:0:0:0:0:0:0:1 - - [13/Jun/2018:00:37:57 +0800] "GET /goods/goodslistjson?pi=4&searchName= HTTP/1.1" 200 42470
0:0:0:0:0:0:0:1 - - [13/Jun/2018:00:37:59 +0800] "GET /goods/goodslistjson?pi=5&searchName= HTTP/1.1" 200 42269
0:0:0:0:0:0:0:1 - - [13/Jun/2018:00:38:02 +0800] "GET /goods/goodslistjson?pi=6&searchName= HTTP/1.1" 200 42569
0:0:0:0:0:0:0:1 - - [13/Jun/2018:00:38:04 +0800] "GET /goods/goodslistjson?pi=7&searchName= HTTP/1.1" 200 42434
0:0:0:0:0:0:0:1 - - [13/Jun/2018:08:27:59 +0800] "GET / HTTP/1.1" 500 412
0:0:0:0:0:0:0:1 - - [13/Jun/2018:08:29:34 +0800] "GET / HTTP/1.1" 500 412
0:0:0:0:0:0:0:1 - - [13/Jun/2018:08:29:40 +0800] "GET / HTTP/1.1" 500 412
0:0:0:0:0:0:0:1 - - [13/Jun/2018:08:29:40 +0800] "GET /favicon.ico HTTP/1.1" 200 67646
0:0:0:0:0:0:0:1 - - [13/Jun/2018:08:30:39 +0800] "GET / HTTP/1.1" 500 430
0:0:0:0:0:0:0:1 - - [13/Jun/2018:08:30:39 +0800] "GET /favicon.ico HTTP/1.1" 200 67646
0:0:0:0:0:0:0:1 - - [13/Jun/2018:08:30:55 +0800] "GET / HTTP/1.1" 500 430
0:0:0:0:0:0:0:1 - - [13/Jun/2018:08:30:55 +0800] "GET /favicon.ico HTTP/1.1" 200 67646
0:0:0:0:0:0:0:1 - - [13/Jun/2018:08:30:56 +0800] "GET / HTTP/1.1" 500 430
0:0:0:0:0:0:0:1 - - [13/Jun/2018:08:30:56 +0800] "GET /favicon.ico HTTP/1.1" 200 67646
0:0:0:0:0:0:0:1 - - [13/Jun/2018:08:30:56 +0800] "GET / HTTP/1.1" 500 430
0:0:0:0:0:0:0:1 - - [13/Jun/2018:08:30:56 +0800] "GET /favicon.ico HTTP/1.1" 200 67646
0:0:0:0:0:0:0:1 - - [13/Jun/2018:08:31:27 +0800] "GET / HTTP/1.1" 500 412
0:0:0:0:0:0:0:1 - - [13/Jun/2018:08:31:27 +0800] "GET /favicon.ico HTTP/1.1" 200 67646
0:0:0:0:0:0:0:1 - - [13/Jun/2018:08:44:23 +0800] "GET / HTTP/1.1" 500 412
0:0:0:0:0:0:0:1 - - [13/Jun/2018:08:44:23 +0800] "GET /favicon.ico HTTP/1.1" 200 67646
0:0:0:0:0:0:0:1 - - [13/Jun/2018:08:44:27 +0800] "GET / HTTP/1.1" 500 412
0:0:0:0:0:0:0:1 - - [13/Jun/2018:08:44:27 +0800] "GET /favicon.ico HTTP/1.1" 200 67646
0:0:0:0:0:0:0:1 - - [13/Jun/2018:09:12:44 +0800] "GET / HTTP/1.1" 500 412
0:0:0:0:0:0:0:1 - - [13/Jun/2018:09:12:44 +0800] "GET /favicon.ico HTTP/1.1" 200 67646
0:0:0:0:0:0:0:1 - - [13/Jun/2018:09:15:37 +0800] "GET / HTTP/1.1" 500 412
0:0:0:0:0:0:0:1 - - [13/Jun/2018:09:15:37 +0800] "GET /favicon.ico HTTP/1.1" 200 67646
0:0:0:0:0:0:0:1 - - [13/Jun/2018:09:17:20 +0800] "GET / HTTP/1.1" 500 412
0:0:0:0:0:0:0:1 - - [13/Jun/2018:09:17:20 +0800] "GET /favicon.ico HTTP/1.1" 200 67646
0:0:0:0:0:0:0:1 - - [13/Jun/2018:09:18:08 +0800] "GET /bootstrap/css/bootstrap.css HTTP/1.1" 304 -
0:0:0:0:0:0:0:1 - - [13/Jun/2018:09:18:08 +0800] "GET / HTTP/1.1" 200 42574
0:0:0:0:0:0:0:1 - - [13/Jun/2018:09:18:08 +0800] "GET /js/jquery-3.3.1.min.js HTTP/1.1" 304 -
0:0:0:0:0:0:0:1 - - [13/Jun/2018:09:18:08 +0800] "GET /bootstrap/js/bootstrap.js HTTP/1.1" 304 -
0:0:0:0:0:0:0:1 - - [13/Jun/2018:09:18:08 +0800] "GET /js/popper.min.js HTTP/1.1" 304 -
0:0:0:0:0:0:0:1 - - [13/Jun/2018:09:18:08 +0800] "GET /favicon.ico HTTP/1.1" 200 67646
0:0:0:0:0:0:0:1 - - [13/Jun/2018:09:18:44 +0800] "GET /goods/goodslist HTTP/1.1" 200 48446
0:0:0:0:0:0:0:1 - - [13/Jun/2018:09:18:44 +0800] "GET /js/formatNumber.js HTTP/1.1" 304 -
0:0:0:0:0:0:0:1 - - [13/Jun/2018:09:18:44 +0800] "GET /goods/goodslist HTTP/1.1" 200 16406
0:0:0:0:0:0:0:1 - - [13/Jun/2018:09:18:46 +0800] "GET /category/categorylist HTTP/1.1" 200 89607
0:0:0:0:0:0:0:1 - - [13/Jun/2018:09:18:47 +0800] "GET /goods/goodslist?categoryid=39 HTTP/1.1" 200 45310
0:0:0:0:0:0:0:1 - - [13/Jun/2018:09:18:47 +0800] "GET /goods/goodslist?categoryid=39 HTTP/1.1" 200 45310
0:0:0:0:0:0:0:1 - - [13/Jun/2018:14:58:39 +0800] "GET /goods/goodslist HTTP/1.1" 200 48446
0:0:0:0:0:0:0:1 - - [13/Jun/2018:14:58:39 +0800] "GET /js/formatNumber.js HTTP/1.1" 304 -
0:0:0:0:0:0:0:1 - - [13/Jun/2018:14:58:39 +0800] "GET /goods/goodslist HTTP/1.1" 200 16406
0:0:0:0:0:0:0:1 - - [13/Jun/2018:14:59:05 +0800] "GET /category/categorylist HTTP/1.1" 200 89607
0:0:0:0:0:0:0:1 - - [13/Jun/2018:14:59:10 +0800] "GET /goods/goodslist?categoryid=20 HTTP/1.1" 200 48110
0:0:0:0:0:0:0:1 - - [13/Jun/2018:14:59:10 +0800] "GET /goods/goodslist?categoryid=20 HTTP/1.1" 200 16405
0:0:0:0:0:0:0:1 - - [13/Jun/2018:15:01:35 +0800] "GET /goods/goodslist?categoryid=20 HTTP/1.1" 200 48110
0:0:0:0:0:0:0:1 - - [13/Jun/2018:15:01:35 +0800] "GET /goods/goodslist?categoryid=20 HTTP/1.1" 200 24605
0:0:0:0:0:0:0:1 - - [13/Jun/2018:15:01:35 +0800] "GET /favicon.ico HTTP/1.1" 200 67646
0:0:0:0:0:0:0:1 - - [13/Jun/2018:15:02:33 +0800] "GET /goods/goodslist?categoryid=20 HTTP/1.1" 200 48110
0:0:0:0:0:0:0:1 - - [13/Jun/2018:15:02:33 +0800] "GET /goods/goodslist?categoryid=20 HTTP/1.1" 200 48110
0:0:0:0:0:0:0:1 - - [13/Jun/2018:15:02:43 +0800] "GET /bootstrap/css/bootstrap.css HTTP/1.1" 304 -
0:0:0:0:0:0:0:1 - - [13/Jun/2018:15:02:43 +0800] "GET /category/categorylist HTTP/1.1" 200 89607
0:0:0:0:0:0:0:1 - - [13/Jun/2018:15:02:43 +0800] "GET /bootstrap/js/bootstrap.js HTTP/1.1" 304 -
0:0:0:0:0:0:0:1 - - [13/Jun/2018:15:02:43 +0800] "GET /js/popper.min.js HTTP/1.1" 304 -
0:0:0:0:0:0:0:1 - - [13/Jun/2018:15:02:43 +0800] "GET /js/jquery-3.3.1.min.js HTTP/1.1" 304 -
0:0:0:0:0:0:0:1 - - [13/Jun/2018:15:03:15 +0800] "GET /goods/goodslist?categoryid=12 HTTP/1.1" 200 47798
0:0:0:0:0:0:0:1 - - [13/Jun/2018:15:03:15 +0800] "GET /goods/goodslist?categoryid=12 HTTP/1.1" 200 16406
0:0:0:0:0:0:0:1 - - [13/Jun/2018:15:04:08 +0800] "GET /goods/goodslist?categoryid=12 HTTP/1.1" 200 47798
0:0:0:0:0:0:0:1 - - [13/Jun/2018:15:04:08 +0800] "GET /goods/goodslist?categoryid=12 HTTP/1.1" 200 16406
0:0:0:0:0:0:0:1 - - [13/Jun/2018:15:04:50 +0800] "GET /goods/goodslist?categoryid=12 HTTP/1.1" 200 47798
0:0:0:0:0:0:0:1 - - [13/Jun/2018:15:05:04 +0800] "GET /goods/goodslist?categoryid=12 HTTP/1.1" 200 16406
0:0:0:0:0:0:0:1 - - [13/Jun/2018:15:05:04 +0800] "GET /favicon.ico HTTP/1.1" 200 67646
0:0:0:0:0:0:0:1 - - [13/Jun/2018:15:05:16 +0800] "GET / HTTP/1.1" 200 42574
0:0:0:0:0:0:0:1 - - [13/Jun/2018:15:05:25 +0800] "GET / HTTP/1.1" 200 42574
0:0:0:0:0:0:0:1 - - [13/Jun/2018:15:05:26 +0800] "GET /favicon.ico HTTP/1.1" 200 67646
0:0:0:0:0:0:0:1 - - [13/Jun/2018:15:05:29 +0800] "GET /goods/goodslist HTTP/1.1" 200 48446
0:0:0:0:0:0:0:1 - - [13/Jun/2018:15:05:30 +0800] "GET /goods/goodslist HTTP/1.1" 200 16406
